%!Adobe-FontList 1.18
%Locale:0x409

%BeginFont
Handler:DirectoryHandler
FontType:TrueType
FontName:Quicksand-Bold
FamilyName:Quicksand
StyleName:Bold
FullName:Quicksand Bold
MenuName:Quicksand
StyleBits:2
WritingScript:Roman
OutlineFileName:C:\Users\Wahab Mustafa\Desktop\CSS PSD\Font\Quicksand-Bold.ttf
DataFormat:sfntData
hasSVG:no
FileLength:77028
FileModTime:1318964400
WeightClass:700
WidthClass:5
AngleClass:0
NameArray:0,Win,1,Quicksand
%EndFont

%BeginFont
Handler:DirectoryHandler
FontType:TrueType
FontName:Quicksand-Light
FamilyName:Quicksand
StyleName:Light
FullName:Quicksand Light
MenuName:Quicksand Light
StyleBits:0
WritingScript:Roman
OutlineFileName:C:\Users\Wahab Mustafa\Desktop\CSS PSD\Font\Quicksand-Light.ttf
DataFormat:sfntData
hasSVG:no
FileLength:77104
FileModTime:1318964400
WeightClass:300
WidthClass:5
AngleClass:0
NameArray:0,Win,1,Quicksand Light
NameArray:0,Win,16,Quicksand
%EndFont

%BeginFont
Handler:DirectoryHandler
FontType:TrueType
FontName:Quicksand-Medium
FamilyName:Quicksand
StyleName:Medium
FullName:Quicksand Medium
MenuName:Quicksand Medium
StyleBits:0
WritingScript:Roman
OutlineFileName:C:\Users\Wahab Mustafa\Desktop\CSS PSD\Font\Quicksand-Medium.ttf
DataFormat:sfntData
hasSVG:no
FileLength:77464
FileModTime:1318964400
WeightClass:500
WidthClass:5
AngleClass:0
NameArray:0,Win,1,Quicksand Medium
NameArray:0,Win,16,Quicksand
%EndFont

%BeginFont
Handler:DirectoryHandler
FontType:TrueType
FontName:Quicksand-Regular
FamilyName:Quicksand
StyleName:Regular
FullName:Quicksand Regular
MenuName:Quicksand
StyleBits:0
WritingScript:Roman
OutlineFileName:C:\Users\Wahab Mustafa\Desktop\CSS PSD\Font\Quicksand-Regular.ttf
DataFormat:sfntData
hasSVG:no
FileLength:77420
FileModTime:1318964400
WeightClass:400
WidthClass:5
AngleClass:0
NameArray:0,Win,1,Quicksand
%EndFont

%BeginFont
Handler:DirectoryHandler
FontType:TrueType
FontName:Quicksand-SemiBold
FamilyName:Quicksand
StyleName:SemiBold
FullName:Quicksand SemiBold
MenuName:Quicksand SemiBold
StyleBits:0
WritingScript:Roman
OutlineFileName:C:\Users\Wahab Mustafa\Desktop\CSS PSD\Font\Quicksand-SemiBold.ttf
DataFormat:sfntData
hasSVG:no
FileLength:77396
FileModTime:1318964400
WeightClass:600
WidthClass:5
AngleClass:0
NameArray:0,Win,1,Quicksand SemiBold
NameArray:0,Win,16,Quicksand
%EndFont

